urllib3.connectionpool - DEBUG - Starting new HTTPS connection (1): lichess.org:443
urllib3.connectionpool - DEBUG - https://lichess.org:443 "GET /api/board/game/stream/iLmvOgQ4 HTTP/1.1" 200 None
root - INFO - test
root - INFO - start of upadiasdu
root - INFO - click now idiot!!!
root - INFO - end of board updtuaudsaijd
root - INFO - down
root - INFO - wait now idiot!!!
root - INFO - click now idiot!!!
root - INFO - down
root - INFO - wait now idiot!!!
root - INFO - click now idiot!!!
root - INFO - down
root - INFO - wait now idiot!!!
root - INFO - click now idiot!!!
root - INFO - down
root - INFO - wait now idiot!!!
root - INFO - click now idiot!!!
root - INFO - rightis the only way
root - INFO - wait now idiot!!!
root - INFO - click now idiot!!!
root - INFO - rightis the only way
root - INFO - wait now idiot!!!
root - INFO - click now idiot!!!
root - INFO - up is the only way
root - INFO - wait now idiot!!!
root - INFO - click now idiot!!!
root - INFO - rightis the only way
root - INFO - wait now idiot!!!
root - INFO - click now idiot!!!
root - INFO - rightis the only way
root - INFO - wait now idiot!!!
root - INFO - click now idiot!!!
root - INFO - up is the only way
root - INFO - wait now idiot!!!
root - INFO - click now idiot!!!
root - INFO - leftis the only way
root - INFO - wait now idiot!!!
root - INFO - click now idiot!!!
root - INFO - up is the only way
root - INFO - wait now idiot!!!
root - INFO - click now idiot!!!
root - INFO - up is the only way
root - INFO - wait now idiot!!!
root - INFO - click now idiot!!!
root - INFO - up is the only way
root - INFO - wait now idiot!!!
root - INFO - click now idiot!!!
root - INFO - rightis the only way
root - INFO - wait now idiot!!!
root - INFO - click now idiot!!!
root - INFO - rightis the only way
root - INFO - wait now idiot!!!
root - INFO - click now idiot!!!
root - INFO - wait now idiot!!!
root - INFO - click now idiot!!!
root - INFO - down
root - INFO - wait now idiot!!!
root - INFO - click now idiot!!!
root - INFO - down
root - INFO - wait now idiot!!!
root - INFO - click now idiot!!!
root - INFO - leftis the only way
root - INFO - wait now idiot!!!
root - INFO - click now idiot!!!
root - INFO - leftis the only way
root - INFO - wait now idiot!!!
root - INFO - click now idiot!!!
root - INFO - down
root - INFO - wait now idiot!!!
root - INFO - click now idiot!!!
root - INFO - up is the only way
root - INFO - wait now idiot!!!
root - INFO - click now idiot!!!
root - INFO - leftis the only way
root - INFO - wait now idiot!!!
root - INFO - click now idiot!!!
root - INFO - rightis the only way
root - INFO - wait now idiot!!!
root - INFO - click now idiot!!!
root - INFO - leftis the only way
root - INFO - wait now idiot!!!
root - INFO - click now idiot!!!
root - INFO - up is the only way
root - INFO - wait now idiot!!!
root - INFO - click now idiot!!!
root - INFO - rightis the only way
root - INFO - wait now idiot!!!
root - INFO - click now idiot!!!
root - INFO - rightis the only way
root - INFO - wait now idiot!!!
root - INFO - click now idiot!!!
root - INFO - rightis the only way
root - INFO - wait now idiot!!!
root - INFO - click now idiot!!!
root - INFO - up is the only way
root - INFO - wait now idiot!!!
root - INFO - click now idiot!!!
root - INFO - down
root - INFO - wait now idiot!!!
root - INFO - click now idiot!!!
root - INFO - leftis the only way
root - INFO - wait now idiot!!!
root - INFO - click now idiot!!!
root - INFO - wait now idiot!!!
root - INFO - click now idiot!!!
urllib3.connectionpool - DEBUG - Starting new HTTPS connection (1): lichess.org:443
urllib3.connectionpool - DEBUG - https://lichess.org:443 "POST /api/board/game/iLmvOgQ4/move/f8e7 HTTP/1.1" 200 11
root - INFO - ('{"ok":true}', 200)
root - INFO - f8e7
root - INFO - wait now idiot!!!
root - INFO - click now idiot!!!
root - INFO - start of upadiasdu
root - INFO - end of board updtuaudsaijd
root - INFO - start of upadiasdu
root - INFO - end of board updtuaudsaijd
root - INFO - wait now idiot!!!
root - INFO - click now idiot!!!
root - INFO - wait now idiot!!!
root - INFO - click now idiot!!!
root - INFO - wait now idiot!!!
root - INFO - click now idiot!!!
root - INFO - wait now idiot!!!
root - INFO - click now idiot!!!
root - INFO - wait now idiot!!!
root - INFO - click now idiot!!!
root - INFO - wait now idiot!!!
root - INFO - click now idiot!!!
root - INFO - wait now idiot!!!
root - INFO - click now idiot!!!
root - INFO - wait now idiot!!!
root - INFO - click now idiot!!!
root - INFO - wait now idiot!!!
root - INFO - click now idiot!!!
root - INFO - wait now idiot!!!
root - INFO - click now idiot!!!
root - INFO - wait now idiot!!!
root - INFO - click now idiot!!!
root - INFO - wait now idiot!!!
root - INFO - click now idiot!!!
root - INFO - wait now idiot!!!
root - INFO - click now idiot!!!
root - INFO - wait now idiot!!!
root - INFO - click now idiot!!!
root - INFO - wait now idiot!!!
root - INFO - click now idiot!!!
root - INFO - wait now idiot!!!
root - INFO - click now idiot!!!
root - INFO - wait now idiot!!!
root - INFO - click now idiot!!!
root - INFO - wait now idiot!!!
root - INFO - click now idiot!!!
root - INFO - wait now idiot!!!
root - INFO - click now idiot!!!
root - INFO - wait now idiot!!!
root - INFO - click now idiot!!!
root - INFO - wait now idiot!!!
root - INFO - click now idiot!!!
root - INFO - wait now idiot!!!
root - INFO - click now idiot!!!
root - INFO - wait now idiot!!!
root - INFO - click now idiot!!!
root - INFO - wait now idiot!!!
root - INFO - click now idiot!!!
root - INFO - wait now idiot!!!
root - INFO - click now idiot!!!
root - INFO - wait now idiot!!!
root - INFO - click now idiot!!!
root - INFO - wait now idiot!!!
root - INFO - click now idiot!!!
root - INFO - wait now idiot!!!
root - INFO - click now idiot!!!
root - INFO - wait now idiot!!!
root - INFO - click now idiot!!!
